app/build/intermediates/manifest_merge_blame_file/release/manifest-merger-blame-release-report.txt
1<?xml version="1.0" encoding="utf-8"?>
2<manifest xmlns:android="http://schemas.android.com/apk/res/android"
3    package="com.ride.taxi"
4    android:versionCode="1"
5    android:versionName="1.0" >
6
7    <uses-sdk
8        android:minSdkVersion="16"
8-->src/main/AndroidManifest.xml
9        android:targetSdkVersion="29" />
9-->src/main/AndroidManifest.xml
10
11    <uses-permission android:name="android.permission.INTERNET" />
11-->src/main/AndroidManifest.xml:4:5-67
11-->src/main/AndroidManifest.xml:4:22-64
12    <uses-permission android:name="android.permission.ACCESS_FINE_LOCATION" />
12-->src/main/AndroidManifest.xml:5:5-79
12-->src/main/AndroidManifest.xml:5:22-76
13    <uses-permission android:name="android.permission.ACCESS_WIFI_STATE" /> <!-- Include required permissions for Google Maps API to run. -->
13-->[com.google.android.libraries.places:places:2.2.0] AndroidManifest.xml:10:5-76
13-->[com.google.android.libraries.places:places:2.2.0] AndroidManifest.xml:10:22-73
14    <uses-permission android:name="android.permission.ACCESS_NETWORK_STATE" />
14-->[com.google.android.gms:play-services-maps:17.0.0] AndroidManifest.xml:23:5-79
14-->[com.google.android.gms:play-services-maps:17.0.0] AndroidManifest.xml:23:22-76
15
16    <uses-feature
16-->[com.google.android.gms:play-services-maps:17.0.0] AndroidManifest.xml:26:5-28:35
17        android:glEsVersion="0x00020000"
17-->[com.google.android.gms:play-services-maps:17.0.0] AndroidManifest.xml:27:9-41
18        android:required="true" />
18-->[com.google.android.gms:play-services-maps:17.0.0] AndroidManifest.xml:28:9-32
19
20    <application
20-->src/main/AndroidManifest.xml:7:5-30:19
21        android:name="com.ride.taxi.TaxiApp"
21-->src/main/AndroidManifest.xml:8:9-32
22        android:allowBackup="true"
22-->src/main/AndroidManifest.xml:9:9-35
23        android:appComponentFactory="androidx.core.app.CoreComponentFactory"
23-->[androidx.core:core:1.2.0] AndroidManifest.xml:24:18-86
24        android:icon="@mipmap/ic_launcher"
24-->src/main/AndroidManifest.xml:10:9-43
25        android:label="@string/app_name"
25-->src/main/AndroidManifest.xml:11:9-41
26        android:roundIcon="@mipmap/ic_launcher_round"
26-->src/main/AndroidManifest.xml:12:9-54
27        android:supportsRtl="true"
27-->src/main/AndroidManifest.xml:13:9-35
28        android:theme="@style/AppTheme" >
28-->src/main/AndroidManifest.xml:14:9-40
29        <meta-data
29-->src/main/AndroidManifest.xml:16:9-18:55
30            android:name="com.google.android.geo.API_KEY"
30-->src/main/AndroidManifest.xml:17:13-58
31            android:value="@string/google_maps_key" />
31-->src/main/AndroidManifest.xml:18:13-52
32
33        <!-- <activity -->
34        <!-- android:name=".ui.maps.MapsActivity" -->
35        <!-- android:label="@string/app_name" -->
36        <!-- android:theme="@style/MapsTheme"> -->
37        <!-- <intent-filter> -->
38        <!-- <action android:name="android.intent.action.MAIN" /> -->
39        <!-- <category android:name="android.intent.category.LAUNCHER" /> -->
40        <!-- </intent-filter> -->
41        <!-- </activity> -->
42
43        <activity
43-->[com.google.android.libraries.places:places:2.2.0] AndroidManifest.xml:14:9-20:20
44            android:name="com.google.android.libraries.places.widget.AutocompleteActivity"
44-->[com.google.android.libraries.places:places:2.2.0] AndroidManifest.xml:15:13-91
45            android:exported="false"
45-->[com.google.android.libraries.places:places:2.2.0] AndroidManifest.xml:16:13-37
46            android:label="@string/places_autocomplete_label"
46-->[com.google.android.libraries.places:places:2.2.0] AndroidManifest.xml:17:13-62
47            android:theme="@style/PlacesAutocompleteOverlay"
47-->[com.google.android.libraries.places:places:2.2.0] AndroidManifest.xml:18:13-61
48            android:windowSoftInputMode="adjustResize" >
48-->[com.google.android.libraries.places:places:2.2.0] AndroidManifest.xml:19:13-55
49        </activity> <!-- Needs to be explicitly declared on P+ -->
50        <uses-library
50-->[com.google.android.gms:play-services-maps:17.0.0] AndroidManifest.xml:33:9-35:40
51            android:name="org.apache.http.legacy"
51-->[com.google.android.gms:play-services-maps:17.0.0] AndroidManifest.xml:34:13-50
52            android:required="false" />
52-->[com.google.android.gms:play-services-maps:17.0.0] AndroidManifest.xml:35:13-37
53
54        <activity
54-->[com.google.android.gms:play-services-base:17.0.0] AndroidManifest.xml:23:9-26:75
55            android:name="com.google.android.gms.common.api.GoogleApiActivity"
55-->[com.google.android.gms:play-services-base:17.0.0] AndroidManifest.xml:24:13-79
56            android:exported="false"
56-->[com.google.android.gms:play-services-base:17.0.0] AndroidManifest.xml:25:13-37
57            android:theme="@android:style/Theme.Translucent.NoTitleBar" />
57-->[com.google.android.gms:play-services-base:17.0.0] AndroidManifest.xml:26:13-72
58
59        <meta-data
59-->[com.google.android.gms:play-services-basement:17.0.0] AndroidManifest.xml:23:9-25:69
60            android:name="com.google.android.gms.version"
60-->[com.google.android.gms:play-services-basement:17.0.0] AndroidManifest.xml:24:13-58
61            android:value="@integer/google_play_services_version" />
61-->[com.google.android.gms:play-services-basement:17.0.0] AndroidManifest.xml:25:13-66
62
63        <service
63-->[com.google.android.datatransport:transport-backend-cct:2.1.0] AndroidManifest.xml:29:9-35:19
64            android:name="com.google.android.datatransport.runtime.backends.TransportBackendDiscovery"
64-->[com.google.android.datatransport:transport-backend-cct:2.1.0] AndroidManifest.xml:30:13-103
65            android:exported="false" >
65-->[com.google.android.datatransport:transport-backend-cct:2.1.0] AndroidManifest.xml:31:13-37
66            <meta-data
66-->[com.google.android.datatransport:transport-backend-cct:2.1.0] AndroidManifest.xml:32:13-34:39
67                android:name="backend:com.google.android.datatransport.cct.CctBackendFactory"
67-->[com.google.android.datatransport:transport-backend-cct:2.1.0] AndroidManifest.xml:33:17-94
68                android:value="cct" />
68-->[com.google.android.datatransport:transport-backend-cct:2.1.0] AndroidManifest.xml:34:17-36
69        </service>
70        <service
70-->[com.google.android.datatransport:transport-runtime:2.1.0] AndroidManifest.xml:26:9-30:19
71            android:name="com.google.android.datatransport.runtime.scheduling.jobscheduling.JobInfoSchedulerService"
71-->[com.google.android.datatransport:transport-runtime:2.1.0] AndroidManifest.xml:27:13-117
72            android:exported="false"
72-->[com.google.android.datatransport:transport-runtime:2.1.0] AndroidManifest.xml:28:13-37
73            android:permission="android.permission.BIND_JOB_SERVICE" >
73-->[com.google.android.datatransport:transport-runtime:2.1.0] AndroidManifest.xml:29:13-69
74        </service>
75
76        <receiver
76-->[com.google.android.datatransport:transport-runtime:2.1.0] AndroidManifest.xml:32:9-34:40
77            android:name="com.google.android.datatransport.runtime.scheduling.jobscheduling.AlarmManagerSchedulerBroadcastReceiver"
77-->[com.google.android.datatransport:transport-runtime:2.1.0] AndroidManifest.xml:33:13-132
78            android:exported="false" />
78-->[com.google.android.datatransport:transport-runtime:2.1.0] AndroidManifest.xml:34:13-37
79
80        <provider
80-->[androidx.lifecycle:lifecycle-process:2.1.0] AndroidManifest.xml:23:9-27:43
81            android:name="androidx.lifecycle.ProcessLifecycleOwnerInitializer"
81-->[androidx.lifecycle:lifecycle-process:2.1.0] AndroidManifest.xml:24:13-79
82            android:authorities="com.ride.taxi.lifecycle-process"
82-->[androidx.lifecycle:lifecycle-process:2.1.0] AndroidManifest.xml:25:13-69
83            android:exported="false"
83-->[androidx.lifecycle:lifecycle-process:2.1.0] AndroidManifest.xml:26:13-37
84            android:multiprocess="true" />
84-->[androidx.lifecycle:lifecycle-process:2.1.0] AndroidManifest.xml:27:13-40
85    </application>
86
87</manifest>